This file contains any messages produced by compilers while
running configure, to aid debugging if configure makes a mistake.

It was created by GNU C Library configure (see version.h), which was
generated by GNU Autoconf 2.69.  Invocation command line was

  $ ../glibc-2.35/configure 

## --------- ##
## Platform. ##
## --------- ##

hostname = localhost.localdomain
uname -m = x86_64
uname -r = 5.17.12-100.fc34.x86_64
uname -s = Linux
uname -v = #1 SMP PREEMPT Mon May 30 17:47:02 UTC 2022

/usr/bin/uname -p = x86_64
/bin/uname -X     = unknown

/bin/arch              = x86_64
/usr/bin/arch -k       = unknown
/usr/convex/getsysinfo = unknown
/usr/bin/hostinfo      = unknown
/bin/machine           = unknown
/usr/bin/oslevel       = unknown
/bin/universe          = unknown

PATH: /home/simark/.local/bin
PATH: /home/simark/bin
PATH: /usr/lib64/qt-3.3/bin
PATH: /usr/lib64/ccache
PATH: /usr/local/bin
PATH: /usr/local/sbin
PATH: /usr/bin
PATH: /usr/sbin
PATH: /var/lib/snapd/snap/bin
PATH: /home/simark/.cabal/bin


## ----------- ##
## Core tests. ##
## ----------- ##

configure:2266: checking build system type
configure:2280: result: x86_64-pc-linux-gnu
configure:2300: checking host system type
configure:2313: result: x86_64-pc-linux-gnu
configure:2382: checking for gcc
configure:2398: found /usr/lib64/ccache/gcc
configure:2409: result: gcc
configure:2638: checking for C compiler version
configure:2647: gcc --version >&5
gcc (GCC) 11.3.1 20220421 (Red Hat 11.3.1-2)
Copyright (C) 2021 Free Software Foundation, Inc.
This is free software; see the source for copying conditions.  There is NO
warranty; not even for MERCHANTABILITY or FITNESS FOR A PARTICULAR PURPOSE.

configure:2658: $? = 0
configure:2647: gcc -v >&5
Using built-in specs.
COLLECT_GCC=/usr/bin/gcc
COLLECT_LTO_WRAPPER=/usr/libexec/gcc/x86_64-redhat-linux/11/lto-wrapper
OFFLOAD_TARGET_NAMES=nvptx-none
OFFLOAD_TARGET_DEFAULT=1
Target: x86_64-redhat-linux
Configured with: ../configure --enable-bootstrap --enable-languages=c,c++,fortran,objc,obj-c++,ada,go,d,lto --prefix=/usr --mandir=/usr/share/man --infodir=/usr/share/info --with-bugurl=http://bugzilla.redhat.com/bugzilla --enable-shared --enable-threads=posix --enable-checking=release --enable-multilib --with-system-zlib --enable-__cxa_atexit --disable-libunwind-exceptions --enable-gnu-unique-object --enable-linker-build-id --with-gcc-major-version-only --with-linker-hash-style=gnu --enable-plugin --enable-initfini-array --with-isl=/builddir/build/BUILD/gcc-11.3.1-20220421/obj-x86_64-redhat-linux/isl-install --enable-offload-targets=nvptx-none --without-cuda-driver --enable-gnu-indirect-function --enable-cet --with-tune=generic --with-arch_32=i686 --build=x86_64-redhat-linux
Thread model: posix
Supported LTO compression algorithms: zlib zstd
gcc version 11.3.1 20220421 (Red Hat 11.3.1-2) (GCC) 
... rest of stderr output deleted ...
configure:2658: $? = 0
configure:2647: gcc -V >&5
gcc: error: unrecognized command-line option '-V'
gcc: fatal error: no input files
compilation terminated.
configure:2658: $? = 1
configure:2647: gcc -qversion >&5
gcc: error: unrecognized command-line option '-qversion'; did you mean '--version'?
gcc: fatal error: no input files
compilation terminated.
configure:2658: $? = 1
configure:2663: checking for suffix of object files
configure:2685: gcc -c   conftest.c >&5
configure:2689: $? = 0
configure:2710: result: o
configure:2714: checking whether we are using the GNU C compiler
configure:2733: gcc -c   conftest.c >&5
configure:2733: $? = 0
configure:2742: result: yes
configure:2751: checking whether gcc accepts -g
configure:2771: gcc -c -g  conftest.c >&5
configure:2771: $? = 0
configure:2812: result: yes
configure:2932: checking for readelf
configure:2948: found /usr/bin/readelf
configure:2959: result: readelf
configure:3041: checking for g++
configure:3057: found /usr/lib64/ccache/g++
configure:3068: result: g++
configure:3095: checking for C++ compiler version
configure:3104: g++ --version >&5
g++ (GCC) 11.3.1 20220421 (Red Hat 11.3.1-2)
Copyright (C) 2021 Free Software Foundation, Inc.
This is free software; see the source for copying conditions.  There is NO
warranty; not even for MERCHANTABILITY or FITNESS FOR A PARTICULAR PURPOSE.

configure:3115: $? = 0
configure:3104: g++ -v >&5
Using built-in specs.
COLLECT_GCC=/usr/bin/g++
COLLECT_LTO_WRAPPER=/usr/libexec/gcc/x86_64-redhat-linux/11/lto-wrapper
OFFLOAD_TARGET_NAMES=nvptx-none
OFFLOAD_TARGET_DEFAULT=1
Target: x86_64-redhat-linux
Configured with: ../configure --enable-bootstrap --enable-languages=c,c++,fortran,objc,obj-c++,ada,go,d,lto --prefix=/usr --mandir=/usr/share/man --infodir=/usr/share/info --with-bugurl=http://bugzilla.redhat.com/bugzilla --enable-shared --enable-threads=posix --enable-checking=release --enable-multilib --with-system-zlib --enable-__cxa_atexit --disable-libunwind-exceptions --enable-gnu-unique-object --enable-linker-build-id --with-gcc-major-version-only --with-linker-hash-style=gnu --enable-plugin --enable-initfini-array --with-isl=/builddir/build/BUILD/gcc-11.3.1-20220421/obj-x86_64-redhat-linux/isl-install --enable-offload-targets=nvptx-none --without-cuda-driver --enable-gnu-indirect-function --enable-cet --with-tune=generic --with-arch_32=i686 --build=x86_64-redhat-linux
Thread model: posix
Supported LTO compression algorithms: zlib zstd
gcc version 11.3.1 20220421 (Red Hat 11.3.1-2) (GCC) 
... rest of stderr output deleted ...
configure:3115: $? = 0
configure:3104: g++ -V >&5
g++: error: unrecognized command-line option '-V'
g++: fatal error: no input files
compilation terminated.
configure:3115: $? = 1
configure:3104: g++ -qversion >&5
g++: error: unrecognized command-line option '-qversion'; did you mean '--version'?
g++: fatal error: no input files
compilation terminated.
configure:3115: $? = 1
configure:3119: checking whether we are using the GNU C++ compiler
configure:3138: g++ -c   conftest.cpp >&5
configure:3138: $? = 0
configure:3147: result: yes
configure:3156: checking whether g++ accepts -g
configure:3176: g++ -c -g  conftest.cpp >&5
configure:3176: $? = 0
configure:3217: result: yes
configure:3242: checking whether g++ can link programs
configure:3265: g++ -o conftest -g -O2   conftest.cpp  >&5
configure:3265: $? = 0
configure:3288: g++ -o conftest -g -O2   -static conftest.cpp  >&5
configure:3288: $? = 0
configure:3303: result: yes
configure:3843: gcc -E  conftest.c
conftest.c:19:3: error: #error no CET compiler support
   19 | # error no CET compiler support
      |   ^~~~~
configure:3843: $? = 1
configure: failed program was:
| /* confdefs.h */
| #define PACKAGE_NAME "GNU C Library"
| #define PACKAGE_TARNAME "glibc"
| #define PACKAGE_VERSION "(see version.h)"
| #define PACKAGE_STRING "GNU C Library (see version.h)"
| #define PACKAGE_BUGREPORT "https://sourceware.org/bugzilla/"
| #define PACKAGE_URL "https://www.gnu.org/software/glibc/"
| #define PKGVERSION "(GNU libc) "
| #define REPORT_BUGS_TO "<https://www.gnu.org/software/libc/bugs.html>"
| #define TIMEOUTFACTOR 1
| #define HAVE_TUNABLES 1
| /* end confdefs.h.  */
| 
| int
| main ()
| {
| 
| #ifndef __CET__
| # error no CET compiler support
| #endif
|   ;
|   return 0;
| }
configure:3915: checking for sysdeps preconfigure fragments
configure:6: checking for grep that handles long lines and -e
configure:64: result: /usr/bin/grep
configure:69: checking for egrep
configure:131: result: /usr/bin/grep -E
configure:6: checking for grep that handles long lines and -e
configure:64: result: /usr/bin/grep
configure:69: checking for egrep
configure:131: result: /usr/bin/grep -E
configure:9: checking whether gcc compiles in -mx32 mode by default
configure:27: gcc -c -g -O2  conftest.c >&5
conftest.c:15:3: error: #error not x32
   15 | # error not x32
      |   ^~~~~
configure:27: $? = 1
configure: failed program was:
| /* confdefs.h */
| #define PACKAGE_NAME "GNU C Library"
| #define PACKAGE_TARNAME "glibc"
| #define PACKAGE_VERSION "(see version.h)"
| #define PACKAGE_STRING "GNU C Library (see version.h)"
| #define PACKAGE_BUGREPORT "https://sourceware.org/bugzilla/"
| #define PACKAGE_URL "https://www.gnu.org/software/glibc/"
| #define PKGVERSION "(GNU libc) "
| #define REPORT_BUGS_TO "<https://www.gnu.org/software/libc/bugs.html>"
| #define TIMEOUTFACTOR 1
| #define HAVE_TUNABLES 1
| #define USE_PPC_SCV 1
| /* end confdefs.h.  */
| #ifndef __ILP32__
| # error not x32
| #endif
| int
| main ()
| {
| 
|   ;
|   return 0;
| }
configure:34: result: no
configure:3922: result: 
configure:3952: checking for use of fpu sysdeps directories
configure:3971: result: yes
configure:3975: checking for -fstack-protector
configure:3981: gcc -g -O2  -Werror -fstack-protector -xc /dev/null -S -o /dev/null
configure:3984: $? = 0
configure:3992: result: yes
configure:3995: checking for -fstack-protector-strong
configure:4001: gcc -g -O2  -Werror -fstack-protector-strong -xc /dev/null -S -o /dev/null
configure:4004: $? = 0
configure:4012: result: yes
configure:4015: checking for -fstack-protector-all
configure:4021: gcc -g -O2  -Werror -fstack-protector-all -xc /dev/null -S -o /dev/null
configure:4024: $? = 0
configure:4032: result: yes
configure:4075: checking for assembler and linker STT_GNU_IFUNC support

Relocation section '.rela.plt' at offset 0x110 contains 1 entry:
  Offset          Info           Type           Sym. Value    Sym. Name + Addend
000000401000  000000000025 R_X86_64_IRELATIV                    401000
configure:4106: result: yes
configure:4110: checking for gcc attribute ifunc support
configure:4136: result: yes
configure:4141: checking whether the linker supports textrels along with ifunc
configure:4171: gcc -g -O2   -nostartfiles -nostdlib -fno-stack-protector -pie -o conftest conftest.S
/usr/bin/ld: /tmp/cco6KK4O.o: warning: relocation against `address' in read-only section `.text'
/usr/bin/ld: warning: GNU indirect functions with DT_TEXTREL may result in a segfault at runtime; recompile with -fPIE
/usr/bin/ld: warning: creating DT_TEXTREL in a PIE
configure:4174: $? = 0
configure:4181: result: yes
configure:4186: checking for GNU attribute retain support
conftest.c:1:1: error: 'retain' attribute ignored [-Werror=attributes]
    1 | static int var  __attribute__ ((used, retain, section ("__libc_atexit")));
      | ^~~~~~
cc1: all warnings being treated as errors
configure:4201: result: no
configure:4211: checking if compiler warns about alias for function with incompatible types
conftest.c:9:34: error: 'foo_alias' alias between functions of incompatible types 'int(const void *, int)' and 'int (*(void))(const void *, int)' [-Werror=attribute-alias=]
    9 | extern __typeof (__redirect_foo) foo_alias __attribute__ ((alias ("foo")));
      |                                  ^~~~~~~~~
conftest.c:4:28: note: aliased declaration here
    4 | __typeof (__redirect_foo) *foo_impl (void)
      |                            ^~~~~~~~
cc1: all warnings being treated as errors
configure:4233: result: yes
configure:4271: checking sysdep dirs
configure:4469: result: sysdeps/generic
configure:4489: checking for a BSD-compatible install
configure:4557: result: /usr/bin/install -c
configure:4572: checking whether ln -s works
configure:4576: result: yes
configure:4606: checking whether as is GNU as
configure:4620: result: yes
configure:4625: checking whether ld is GNU ld
configure:4639: result: yes
configure:4649: checking for as
configure:4676: result: as
configure:4691: checking version of as
configure:4701: result: 2.35.2, ok
configure:4849: checking for ld
configure:4876: result: ld
configure:4891: checking version of ld
configure:4901: result: 2.35.2, ok
configure:4918: checking for gnumake
configure:4948: result: no
configure:4918: checking for gmake
configure:4934: found /usr/bin/gmake
configure:4945: result: gmake
configure:4960: checking version of gmake
configure:4970: result: 4.3, ok
configure:4982: checking for gnumsgfmt
configure:5012: result: no
configure:4982: checking for gmsgfmt
configure:5012: result: no
configure:4982: checking for msgfmt
configure:4998: found /usr/bin/msgfmt
configure:5009: result: msgfmt
configure:5024: checking version of msgfmt
configure:5034: result: 0.21, ok
configure:5045: checking for makeinfo
configure:5061: found /usr/bin/makeinfo
configure:5072: result: makeinfo
configure:5087: checking version of makeinfo
configure:5097: result: 6.7, ok
configure:5108: checking for sed
configure:5124: found /usr/bin/sed
configure:5135: result: sed
configure:5150: checking version of sed
configure:5160: result: 4.8, ok
configure:5171: checking for gawk
configure:5187: found /usr/bin/gawk
configure:5198: result: gawk
configure:5213: checking version of gawk
configure:5223: result: 5.1.0, ok
configure:5234: checking for bison
configure:5250: found /usr/bin/bison
configure:5261: result: bison
configure:5276: checking version of bison
configure:5286: result: 3.7.4, ok
configure:5294: checking if gcc is sufficient to build libc
configure:5314: gcc -E  conftest.c
configure:5314: $? = 0
configure:5321: result: yes
configure:5370: checking for nm
configure:5386: found /usr/bin/nm
configure:5397: result: nm
configure:5495: checking for python3
configure:5511: found /usr/bin/python3
configure:5522: result: python3
configure:5537: checking version of python3
configure:5547: result: 3.9.13, ok
configure:5615: checking LD_LIBRARY_PATH variable
configure:5625: result: ok
configure:5636: checking for bash
configure:5654: found /usr/local/bin/bash
configure:5667: result: /usr/local/bin/bash
configure:5678: checking for perl
configure:5696: found /usr/bin/perl
configure:5709: result: /usr/bin/perl
configure:5723: checking for install-info
configure:5742: found /usr/sbin/install-info
configure:5755: result: /usr/sbin/install-info
configure:5764: checking for .set assembler directive
configure:5790: result: yes
configure:5797: checking linker support for protected data symbol
configure:5807: gcc -nostdlib -nostartfiles -fno-stack-protector -fPIC -shared conftest.c -o conftest.so
configure:5810: $? = 0
configure:5817: gcc -nostdlib -nostartfiles -fno-stack-protector conftest.c -o conftest conftest.so
/usr/bin/ld: warning: cannot find entry symbol _start; defaulting to 0000000000401000
configure:5820: $? = 0
configure:5828: result: yes
configure:5832: checking linker support for INSERT in linker script
configure:5850: gcc -nostdlib -nostartfiles -fno-stack-protector -fPIC -shared conftest.c -Wl,-T,conftest.t -o conftest.so
configure:5853: $? = 0
configure:5860: result: yes
configure:5864: checking for broken __attribute__((alias()))
configure:5879: gcc -Werror -S conftest.c -o conftest.s 1>&5
configure:5882: $? = 0
configure:5892: result: no
configure:5898: checking whether to put _rtld_local into .sdata section
configure:5912: result: no
configure:5919: checking for libunwind-support in compiler
configure:5936: result: no
configure:5945: checking whether --noexecstack is desirable for .S files
configure:5955: gcc -g -O2 
		   -S -o conftest.s conftest.c 1>&5
configure:5958: $? = 0
configure:5963: gcc  -Wa,--noexecstack
		      -c -o conftest.o conftest.s 1>&5
configure:5966: $? = 0
configure:5975: result: yes
configure:5982: checking for -z combreloc
configure:5996: gcc -g -O2  
			-fPIC -shared -fno-stack-protector -o conftest.so conftest.c
			-nostdlib -nostartfiles
			-Wl,-z,combreloc 1>&5
configure:5999: $? = 0
configure:6012: result: yes
configure:6020: checking for linker that supports -z execstack
configure:6031: gcc -g -O2   -fno-stack-protector
		    -Wl,-z,execstack -nostdlib -nostartfiles
		    -fPIC -shared -o conftest.so conftest.c
		    1>&5
configure:6034: $? = 0
configure:6052: result: yes
configure:6056: checking for linker that supports -z start-stop-gc
configure:6067: gcc -g -O2   -fno-stack-protector
		    -Wl,-z,start-stop-gc -nostdlib -nostartfiles
		    -fPIC -shared -o conftest.so conftest.c
		    1>&5
/usr/bin/ld: warning: -z start-stop-gc ignored
configure:6070: $? = 0
configure:6088: result: no
configure:6093: checking for linker that supports --depaudit
configure:6104: gcc -g -O2   -fno-stack-protector
		    -Wl,--depaudit,x -nostdlib -nostartfiles
		    -fPIC -shared -o conftest.so conftest.c
		    1>&5
configure:6107: $? = 0
configure:6125: result: yes
configure:6130: checking for linker that supports --no-dynamic-linker
configure:6141: gcc -g -O2   -fno-stack-protector
		    -Wl,--no-dynamic-linker -nostdlib -nostartfiles
		    -fPIC -shared -o conftest.so conftest.c
		    1>&5
configure:6144: $? = 0
configure:6162: result: yes
configure:6167: checking for -static-pie
configure:6173: gcc -static-pie -xc /dev/null -S -o /dev/null
configure:6176: $? = 0
configure:6184: result: yes
configure:6189: checking for -fpie
configure:6195: gcc -fpie -xc /dev/null -S -o /dev/null
configure:6198: $? = 0
configure:6206: result: yes
configure:6211: checking for --hash-style option
configure:6222: gcc -g -O2   -fno-stack-protector
			    -fPIC -shared -o conftest.so conftest.c
			    -Wl,--hash-style=both -nostdlib 1>&5
configure:6225: $? = 0
configure:6234: result: yes
configure:6242: checking for sufficient default -shared layout
configure:6261:   gcc  -shared -o conftest.so conftest.s 1>&5
configure:6264: $? = 0
configure:6296: result: yes
configure:6301: checking for GLOB_DAT reloc
configure:6314: gcc -g -O2  
			-fPIC -shared -o conftest.so conftest.c
			-nostdlib -nostartfiles -fno-stack-protector
			1>&5
configure:6317: $? = 0
configure:6330: result: yes
configure:6334: checking for -fno-toplevel-reorder -fno-section-anchors
configure:6344: gcc -g -O2  -S -fno-toplevel-reorder -fno-section-anchors
			    conftest.c 1>&5
configure:6347: $? = 0
configure:6356: result: yes
configure:6365: checking for -mtls-dialect=gnu2
configure:6379: gcc -g -O2  -fPIC -mtls-dialect=gnu2 -nostdlib -nostartfiles
		   conftest.c -o conftest 1>&5
/usr/bin/ld: warning: cannot find entry symbol _start; defaulting to 0000000000401000
configure:6382: $? = 0
configure:6391: result: yes
configure:6397: checking whether cc puts quotes around section names
configure:6418: result: no
configure:6425: checking for __builtin_memset
configure:6437: gcc -O3 -S conftest.c -o - | grep -F memset > /dev/null
configure:6440: $? = 1
configure:6449: result: yes
configure:6456: checking for redirection of built-in functions
configure:6469: gcc -O3 -S conftest.c -o - | grep -F my_strstr > /dev/null
configure:6472: $? = 0
configure:6481: result: yes
configure:6487: checking for compiler option to disable generation of FMA instructions
configure:6495: gcc -ffp-contract=off -xc /dev/null -S -o /dev/null
configure:6498: $? = 0
configure:6504: result: -ffp-contract=off
configure:6537: checking if gcc accepts -fno-tree-loop-distribute-patterns with __attribute__ ((__optimize__))
configure:6550: gcc -g -O2  -c conftest.c
configure:6553: $? = 0
configure:6560: result: yes
configure:6568: checking for libgd
configure:6588: gcc -o conftest -g -O2     conftest.c  -lgd -lpng -lz -lm >&5
configure:6588: $? = 0
configure:6601: result: yes
configure:6610: checking for is_selinux_enabled in -lselinux
configure:6635: gcc -o conftest -g -O2   conftest.c -lselinux   >&5
configure:6635: $? = 0
configure:6644: result: yes
configure:6665: checking for audit_log_user_avc_message in -laudit
configure:6690: gcc -o conftest -g -O2   conftest.c -laudit   >&5
/usr/bin/ld: cannot find -laudit
collect2: error: ld returned 1 exit status
configure:6690: $? = 1
configure: failed program was:
| /* confdefs.h */
| #define PACKAGE_NAME "GNU C Library"
| #define PACKAGE_TARNAME "glibc"
| #define PACKAGE_VERSION "(see version.h)"
| #define PACKAGE_STRING "GNU C Library (see version.h)"
| #define PACKAGE_BUGREPORT "https://sourceware.org/bugzilla/"
| #define PACKAGE_URL "https://www.gnu.org/software/glibc/"
| #define PKGVERSION "(GNU libc) "
| #define REPORT_BUGS_TO "<https://www.gnu.org/software/libc/bugs.html>"
| #define TIMEOUTFACTOR 1
| #define HAVE_TUNABLES 1
| #define USE_PPC_SCV 1
| #define HAVE_CC_NO_STACK_PROTECTOR 1
| #define STACK_PROTECTOR_LEVEL 0
| #define USE_MULTIARCH 1
| #define HAVE_ASM_SET_DIRECTIVE 1
| #define HAVE_Z_COMBRELOC 1
| #define HAVE_BUILTIN_MEMSET 1
| #define HAVE_CC_INHIBIT_LOOP_TO_LIBCALL 1
| #define HAVE_SELINUX 1
| /* end confdefs.h.  */
| 
| /* Override any GCC internal prototype to avoid an error.
|    Use char because int might match the return type of a GCC
|    builtin and then its argument prototype would still apply.  */
| #ifdef __cplusplus
| extern "C"
| #endif
| char audit_log_user_avc_message ();
| int
| main ()
| {
| return audit_log_user_avc_message ();
|   ;
|   return 0;
| }
configure:6699: result: no
configure:6715: checking for cap_init in -lcap
configure:6740: gcc -o conftest -g -O2   conftest.c -lcap   >&5
configure:6740: $? = 0
configure:6749: result: yes
configure:6767: checking for _FORTIFY_SOURCE predefine
configure:6786: gcc -c -g -O2  conftest.c >&5
configure:6786: $? = 0
configure:6793: result: no
configure:6800: checking whether the assembler requires one version per symbol
configure:6821: result: no
configure:6828: checking for __builtin_trap with no external dependencies
configure:6845: gcc -c -g -O2  conftest.c >&5
configure:6845: $? = 0
libc_undefs=''
configure:6859: result: yes
configure:6873: checking whether the C++ compiler supports thread_local
configure:6901: g++ -c -g -O2 -std=gnu++11  conftest.cpp >&5
configure:6901: $? = 0
configure:6910: result: yes
configure:6941: result: running configure fragment for sysdeps/unix/sysv/linux/x86_64/64
configure:6941: result: running configure fragment for sysdeps/unix/sysv/linux/x86_64
configure:6941: result: running configure fragment for sysdeps/unix/sysv/linux
configure:10: checking installed Linux kernel header files
configure:29: gcc -E  conftest.c
configure:29: $? = 0
configure:36: result: 3.2.0 or later
configure:70: checking for kernel header at least 3.2.0
configure:88: gcc -E  conftest.c
configure:88: $? = 0
configure:94: result: ok

## ---------------- ##
## Cache variables. ##
## ---------------- ##

ac_cv_build=x86_64-pc-linux-gnu
ac_cv_c_compiler_gnu=yes
ac_cv_cxx_compiler_gnu=yes
ac_cv_env_CCC_set=
ac_cv_env_CCC_value=
ac_cv_env_CC_set=
ac_cv_env_CC_value=
ac_cv_env_CFLAGS_set=
ac_cv_env_CFLAGS_value=
ac_cv_env_CPPFLAGS_set=
ac_cv_env_CPPFLAGS_value=
ac_cv_env_CPP_set=
ac_cv_env_CPP_value=
ac_cv_env_CXXFLAGS_set=
ac_cv_env_CXXFLAGS_value=
ac_cv_env_CXX_set=
ac_cv_env_CXX_value=
ac_cv_env_LDFLAGS_set=
ac_cv_env_LDFLAGS_value=
ac_cv_env_LIBS_set=
ac_cv_env_LIBS_value=
ac_cv_env_build_alias_set=
ac_cv_env_build_alias_value=
ac_cv_env_host_alias_set=
ac_cv_env_host_alias_value=
ac_cv_env_target_alias_set=
ac_cv_env_target_alias_value=
ac_cv_host=x86_64-pc-linux-gnu
ac_cv_lib_audit_audit_log_user_avc_message=no
ac_cv_lib_cap_cap_init=yes
ac_cv_lib_selinux_is_selinux_enabled=yes
ac_cv_objext=o
ac_cv_path_BASH_SHELL=/usr/local/bin/bash
ac_cv_path_EGREP='/usr/bin/grep -E'
ac_cv_path_GREP=/usr/bin/grep
ac_cv_path_INSTALL_INFO=/usr/sbin/install-info
ac_cv_path_PERL=/usr/bin/perl
ac_cv_path_install='/usr/bin/install -c'
ac_cv_prog_AS=as
ac_cv_prog_AWK=gawk
ac_cv_prog_BISON=bison
ac_cv_prog_LD=ld
ac_cv_prog_MAKE=gmake
ac_cv_prog_MAKEINFO=makeinfo
ac_cv_prog_MSGFMT=msgfmt
ac_cv_prog_PYTHON_PROG=python3
ac_cv_prog_SED=sed
ac_cv_prog_ac_ct_CC=gcc
ac_cv_prog_ac_ct_CXX=g++
ac_cv_prog_ac_ct_NM=nm
ac_cv_prog_ac_ct_READELF=readelf
ac_cv_prog_cc_g=yes
ac_cv_prog_cxx_g=yes
libc_cv_as_noexecstack=yes
libc_cv_asm_set_directive=yes
libc_cv_broken_alias_attribute=no
libc_cv_builtin_trap=yes
libc_cv_cc_loop_to_function=yes
libc_cv_cc_nofma=-ffp-contract=off
libc_cv_cc_with_libunwind=no
libc_cv_compiler_default_cet=no
libc_cv_compiler_ok=yes
libc_cv_cxx_link_ok=yes
libc_cv_cxx_thread_local=yes
libc_cv_depaudit=yes
libc_cv_fno_toplevel_reorder=yes
libc_cv_fpie=yes
libc_cv_gcc_builtin_memset=yes
libc_cv_gcc_builtin_redirection=yes
libc_cv_gcc_incompatible_alias=yes
libc_cv_gcc_indirect_function=yes
libc_cv_gcc_unwind_find_fde=no
libc_cv_gnu_retain=no
libc_cv_has_glob_dat=yes
libc_cv_hashstyle=yes
libc_cv_have_sdata_section=no
libc_cv_have_section_quotes=no
libc_cv_idn=no
libc_cv_insert=yes
libc_cv_ld_gnu_indirect_function=yes
libc_cv_linux320='3.2.0 or later'
libc_cv_localstatedir='${prefix}/var'
libc_cv_mtls_dialect_gnu2=yes
libc_cv_no_dynamic_linker=yes
libc_cv_nss_crypt=no
libc_cv_predef_fortify_source=no
libc_cv_prog_as_gnu=yes
libc_cv_prog_ld_gnu=yes
libc_cv_protected_data=yes
libc_cv_ssp=yes
libc_cv_ssp_all=yes
libc_cv_ssp_strong=yes
libc_cv_static_nss_crypt=no
libc_cv_static_pie=yes
libc_cv_symver_needs_alias=no
libc_cv_sysconfdir='${prefix}/etc'
libc_cv_textrel_ifunc=yes
libc_cv_use_default_link=yes
libc_cv_with_fp=yes
libc_cv_with_lld=no
libc_cv_x32=no
libc_cv_z_combreloc=yes
libc_cv_z_execstack=yes
libc_cv_z_start_stop_gc=no

## ----------------- ##
## Output variables. ##
## ----------------- ##

AR='ar'
AS='as'
ASFLAGS_config=' -Wa,--noexecstack'
AUTOCONF='no'
AWK='gawk'
BASH_SHELL='/usr/local/bin/bash'
BISON='bison'
BUILD_CC=''
CC='gcc'
CFLAGS='-g -O2'
CPP='gcc -E'
CPPFLAGS=''
CPPUNDEFS=''
CXX='g++'
CXXFLAGS='-g -O2'
CXX_BITS_STD_ABS_H='/usr/include/c++/11/bits/std_abs.h'
CXX_CMATH_HEADER='/usr/include/c++/11/cmath'
CXX_CSTDLIB_HEADER='/usr/include/c++/11/cstdlib'
CXX_SYSINCLUDES=''
DEFINES=''
DEFS=''
ECHO_C=''
ECHO_N='-n'
ECHO_T=''
GPROF='gprof'
INSTALL_DATA='${INSTALL} -m 644'
INSTALL_INFO='/usr/sbin/install-info'
INSTALL_PROGRAM='${INSTALL}'
INSTALL_SCRIPT='${INSTALL}'
LD='ld'
LDFLAGS=''
LIBGD='yes'
LIBOBJS=''
LIBS=''
LN_S='ln -s'
LTLIBOBJS=''
MAKE='gmake'
MAKEINFO='makeinfo'
MSGFMT='msgfmt'
NM='nm'
OBJCOPY='objcopy'
OBJDUMP='objdump'
OBJEXT='o'
PACKAGE_BUGREPORT='https://sourceware.org/bugzilla/'
PACKAGE_NAME='GNU C Library'
PACKAGE_STRING='GNU C Library (see version.h)'
PACKAGE_TARNAME='glibc'
PACKAGE_URL='https://www.gnu.org/software/glibc/'
PACKAGE_VERSION='(see version.h)'
PATH_SEPARATOR=':'
PERL='/usr/bin/perl'
PKGVERSION='(GNU libc) '
PKGVERSION_TEXI='(GNU libc) '
PYTHON='python3 -B'
PYTHON_PROG='python3'
READELF='readelf'
RELEASE=''
REPORT_BUGS_TEXI='@uref{https://www.gnu.org/software/libc/bugs.html}'
REPORT_BUGS_TO='<https://www.gnu.org/software/libc/bugs.html>'
SED='sed'
SHELL='/bin/sh'
SYSINCLUDES=''
VERSION=''
ac_ct_CC='gcc'
ac_ct_CXX='g++'
all_warnings=''
base_machine='x86_64'
bindir='${exec_prefix}/bin'
bindnow='no'
build='x86_64-pc-linux-gnu'
build_alias=''
build_cpu='x86_64'
build_crypt='yes'
build_nscd='default'
build_os='linux-gnu'
build_pt_chown='no'
build_vendor='pc'
cross_compiling='no'
datadir='${datarootdir}'
datarootdir='${prefix}/share'
docdir='${datarootdir}/doc/${PACKAGE_TARNAME}'
dvidir='${docdir}'
enable_timezone_tools='yes'
enable_werror='yes'
exec_prefix='NONE'
experimental_malloc='yes'
extra_nonshared_cflags=''
fno_unit_at_a_time='-fno-toplevel-reorder -fno-section-anchors'
force_install='yes'
hardcoded_path_in_tests='no'
have_libaudit='no'
have_libcap='yes'
have_selinux='yes'
have_tunables='yes'
host='x86_64-pc-linux-gnu'
host_alias=''
host_cpu='x86_64'
host_os='linux-gnu'
host_vendor='pc'
htmldir='${docdir}'
includedir='${prefix}/include'
infodir='${datarootdir}/info'
ldd_rewrite_script='sysdeps/unix/sysv/linux/x86_64/ldd-rewrite.sed'
libc_cv_cc_loop_to_function='yes'
libc_cv_cc_nofma='-ffp-contract=off'
libc_cv_cc_submachine=''
libc_cv_cc_with_libunwind='no'
libc_cv_complocaledir=''
libc_cv_cxx_thread_local='yes'
libc_cv_fpie='yes'
libc_cv_gcc_unwind_find_fde='no'
libc_cv_has_glob_dat='yes'
libc_cv_hashstyle='yes'
libc_cv_insert='yes'
libc_cv_localstatedir='${prefix}/var'
libc_cv_mtls_dialect_gnu2='yes'
libc_cv_multidir=''
libc_cv_nss_crypt='no'
libc_cv_protected_data='yes'
libc_cv_rootsbindir=''
libc_cv_rtlddir=''
libc_cv_slibdir=''
libc_cv_ssp='yes'
libc_cv_static_nss_crypt='no'
libc_cv_sysconfdir='${prefix}/etc'
libc_cv_textrel_ifunc='yes'
libc_cv_with_fp='yes'
libc_cv_z_combreloc='yes'
libc_cv_z_execstack='yes'
libc_extra_cflags=''
libc_extra_cppflags=''
libdir='${exec_prefix}/lib'
libexecdir='${exec_prefix}/libexec'
localedir='${datarootdir}/locale'
localstatedir='${prefix}/var'
mach_interface_list=''
mandir='${datarootdir}/man'
memory_tagging='no'
multi_arch='default'
no_stack_protector='-fno-stack-protector -DSTACK_PROTECTOR_LEVEL=0'
oldincludedir='/usr/include'
pdfdir='${docdir}'
prefix='NONE'
profile='no'
program_transform_name='s,x,x,'
psdir='${docdir}'
pthread_in_libc='yes'
rtld_early_cflags=''
runstatedir='${localstatedir}/run'
sbindir='${exec_prefix}/sbin'
shared='yes'
sharedstatedir='${prefix}/com'
stack_protector='-fno-stack-protector'
static=''
static_nss='no'
subdirs=' '
submachine=''
sysconfdir='${prefix}/etc'
sysheaders=''
sysnames=' sysdeps/unix/sysv/linux/x86_64/64 sysdeps/unix/sysv/linux/x86_64 sysdeps/unix/sysv/linux/x86 sysdeps/x86/nptl sysdeps/unix/sysv/linux/wordsize-64 sysdeps/x86_64/nptl sysdeps/unix/sysv/linux sysdeps/nptl sysdeps/pthread sysdeps/gnu sysdeps/unix/inet sysdeps/unix/sysv sysdeps/unix/x86_64 sysdeps/unix sysdeps/posix sysdeps/x86_64/64 sysdeps/x86_64/fpu/multiarch sysdeps/x86_64/fpu sysdeps/x86/fpu sysdeps/x86_64/multiarch sysdeps/x86_64 sysdeps/x86 sysdeps/ieee754/float128 sysdeps/ieee754/ldbl-96 sysdeps/ieee754/dbl-64 sysdeps/ieee754/flt-32 sysdeps/wordsize-64 sysdeps/ieee754 sysdeps/generic'
target_alias=''
use_default_link='yes'
use_ldconfig='no'
use_nscd='yes'

## ----------- ##
## confdefs.h. ##
## ----------- ##

/* confdefs.h */
#define PACKAGE_NAME "GNU C Library"
#define PACKAGE_TARNAME "glibc"
#define PACKAGE_VERSION "(see version.h)"
#define PACKAGE_STRING "GNU C Library (see version.h)"
#define PACKAGE_BUGREPORT "https://sourceware.org/bugzilla/"
#define PACKAGE_URL "https://www.gnu.org/software/glibc/"
#define PKGVERSION "(GNU libc) "
#define REPORT_BUGS_TO "<https://www.gnu.org/software/libc/bugs.html>"
#define TIMEOUTFACTOR 1
#define HAVE_TUNABLES 1
#define USE_PPC_SCV 1
#define HAVE_CC_NO_STACK_PROTECTOR 1
#define STACK_PROTECTOR_LEVEL 0
#define USE_MULTIARCH 1
#define HAVE_ASM_SET_DIRECTIVE 1
#define HAVE_Z_COMBRELOC 1
#define HAVE_BUILTIN_MEMSET 1
#define HAVE_CC_INHIBIT_LOOP_TO_LIBCALL 1
#define HAVE_SELINUX 1
#define HAVE_LIBCAP 1
#define HAVE_BUILTIN_TRAP 1
#define __LINUX_KERNEL_VERSION (3 * 65536 + 2 * 256 + 0)
#define __ABI_TAG_VERSION 3,2,0

configure: exit 1
