18:29:34 [AWT-EventQueue-0] [error] ErrorListDialog$ErrorEntry: isabelle-export:Draft.CHERI_C_Global_Environment/code/CHERI_C_Memory_Model.ml:
18:29:34 [AWT-EventQueue-0] [error] ErrorListDialog$ErrorEntry: Unable to save, the file is readonly.
18:29:45 [AWT-EventQueue-0] [error] ErrorListDialog$ErrorEntry: isabelle-export:Draft.CHERI_C_Global_Environment/code/CHERI_C_Memory_Model.ml:
18:29:45 [AWT-EventQueue-0] [error] ErrorListDialog$ErrorEntry: Unable to save, the file is readonly.
14:29:41 [AWT-EventQueue-0] [error] AWT-EventQueue-0: Exception in thread "AWT-EventQueue-0" 
14:29:41 [AWT-EventQueue-0] [error] AWT-EventQueue-0: java.lang.NullPointerException: Cannot invoke "sun.java2d.loops.MaskFill.MaskFill(sun.java2d.SunGraphics2D, sun.java2d.SurfaceData, java.awt.Composite, int, int, int, int, byte[], int, int)" because "sg.alphafill" is null
14:29:41 [AWT-EventQueue-0] [error] AWT-EventQueue-0:  at java.desktop/sun.java2d.pipe.AlphaColorPipe.renderPathTile(AlphaColorPipe.java:55)
14:29:41 [AWT-EventQueue-0] [error] AWT-EventQueue-0:  at java.desktop/sun.java2d.pipe.AAShapePipe.renderTiles(AAShapePipe.java:201)
14:29:41 [AWT-EventQueue-0] [error] AWT-EventQueue-0:  at java.desktop/sun.java2d.pipe.AAShapePipe.fillParallelogram(AAShapePipe.java:101)
14:29:41 [AWT-EventQueue-0] [error] AWT-EventQueue-0:  at java.desktop/sun.java2d.pipe.PixelToParallelogramConverter.fillRectangle(PixelToParallelogramConverter.java:322)
14:29:41 [AWT-EventQueue-0] [error] AWT-EventQueue-0:  at java.desktop/sun.java2d.pipe.PixelToParallelogramConverter.fill(PixelToParallelogramConverter.java:159)
14:29:41 [AWT-EventQueue-0] [error] AWT-EventQueue-0:  at java.desktop/sun.java2d.pipe.ValidatePipe.fill(ValidatePipe.java:160)
14:29:41 [AWT-EventQueue-0] [error] AWT-EventQueue-0:  at java.desktop/sun.java2d.SunGraphics2D.fill(SunGraphics2D.java:2531)
14:29:41 [AWT-EventQueue-0] [error] AWT-EventQueue-0:  at java.desktop/javax.swing.plaf.nimbus.MenuBarPainter.paintBackgroundEnabled(MenuBarPainter.java:97)
14:29:41 [AWT-EventQueue-0] [error] AWT-EventQueue-0:  at java.desktop/javax.swing.plaf.nimbus.MenuBarPainter.doPaint(MenuBarPainter.java:78)
14:29:41 [AWT-EventQueue-0] [error] AWT-EventQueue-0:  at java.desktop/javax.swing.plaf.nimbus.AbstractRegionPainter.paint0(AbstractRegionPainter.java:746)
14:29:41 [AWT-EventQueue-0] [error] AWT-EventQueue-0:  at java.desktop/javax.swing.plaf.nimbus.AbstractRegionPainter.getImage(AbstractRegionPainter.java:726)
14:29:41 [AWT-EventQueue-0] [error] AWT-EventQueue-0:  at java.desktop/javax.swing.plaf.nimbus.AbstractRegionPainter.paintWith9SquareCaching(AbstractRegionPainter.java:645)
14:29:41 [AWT-EventQueue-0] [error] AWT-EventQueue-0:  at java.desktop/javax.swing.plaf.nimbus.AbstractRegionPainter.paint(AbstractRegionPainter.java:160)
14:29:41 [AWT-EventQueue-0] [error] AWT-EventQueue-0:  at java.desktop/javax.swing.plaf.nimbus.AbstractRegionPainter.paint(AbstractRegionPainter.java:43)
14:29:41 [AWT-EventQueue-0] [error] AWT-EventQueue-0:  at java.desktop/javax.swing.plaf.nimbus.SynthPainterImpl.paint(SynthPainterImpl.java:61)
14:29:41 [AWT-EventQueue-0] [error] AWT-EventQueue-0:  at java.desktop/javax.swing.plaf.nimbus.SynthPainterImpl.paintBackground(SynthPainterImpl.java:102)
14:29:41 [AWT-EventQueue-0] [error] AWT-EventQueue-0:  at java.desktop/javax.swing.plaf.nimbus.SynthPainterImpl.paintMenuBarBackground(SynthPainterImpl.java:822)
14:29:41 [AWT-EventQueue-0] [error] AWT-EventQueue-0:  at java.desktop/javax.swing.plaf.synth.SynthMenuBarUI.update(SynthMenuBarUI.java:147)
14:29:41 [AWT-EventQueue-0] [error] AWT-EventQueue-0:  at java.desktop/javax.swing.JComponent.paintComponent(JComponent.java:842)
14:29:41 [AWT-EventQueue-0] [error] AWT-EventQueue-0:  at java.desktop/javax.swing.JComponent.paint(JComponent.java:1119)
14:29:41 [AWT-EventQueue-0] [error] AWT-EventQueue-0:  at java.desktop/javax.swing.JComponent.paintChildren(JComponent.java:952)
14:29:41 [AWT-EventQueue-0] [error] AWT-EventQueue-0:  at java.desktop/javax.swing.JComponent.paint(JComponent.java:1128)
14:29:41 [AWT-EventQueue-0] [error] AWT-EventQueue-0:  at java.desktop/javax.swing.JLayeredPane.paint(JLayeredPane.java:586)
14:29:41 [AWT-EventQueue-0] [error] AWT-EventQueue-0:  at java.desktop/javax.swing.JComponent.paintChildren(JComponent.java:952)
14:29:41 [AWT-EventQueue-0] [error] AWT-EventQueue-0:  at java.desktop/javax.swing.JComponent.paintToOffscreen(JComponent.java:5318)
14:29:41 [AWT-EventQueue-0] [error] AWT-EventQueue-0:  at java.desktop/javax.swing.BufferStrategyPaintManager.paint(BufferStrategyPaintManager.java:246)
14:29:41 [AWT-EventQueue-0] [error] AWT-EventQueue-0:  at java.desktop/javax.swing.RepaintManager.paint(RepaintManager.java:1337)
14:29:41 [AWT-EventQueue-0] [error] AWT-EventQueue-0:  at java.desktop/javax.swing.JComponent.paint(JComponent.java:1105)
14:29:41 [AWT-EventQueue-0] [error] AWT-EventQueue-0:  at java.desktop/java.awt.GraphicsCallback$PaintCallback.run(GraphicsCallback.java:39)
14:29:41 [AWT-EventQueue-0] [error] AWT-EventQueue-0:  at java.desktop/sun.awt.SunGraphicsCallback.runOneComponent(SunGraphicsCallback.java:75)
14:29:41 [AWT-EventQueue-0] [error] AWT-EventQueue-0:  at java.desktop/sun.awt.SunGraphicsCallback.runComponents(SunGraphicsCallback.java:112)
14:29:41 [AWT-EventQueue-0] [error] AWT-EventQueue-0:  at java.desktop/java.awt.Container.paint(Container.java:2005)
14:29:41 [AWT-EventQueue-0] [error] AWT-EventQueue-0:  at java.desktop/java.awt.Window.paint(Window.java:3959)
14:29:41 [AWT-EventQueue-0] [error] AWT-EventQueue-0:  at java.desktop/javax.swing.RepaintManager$4.run(RepaintManager.java:890)
14:29:41 [AWT-EventQueue-0] [error] AWT-EventQueue-0:  at java.desktop/javax.swing.RepaintManager$4.run(RepaintManager.java:862)
14:29:41 [AWT-EventQueue-0] [error] AWT-EventQueue-0:  at java.base/java.security.AccessController.doPrivileged(AccessController.java:399)
14:29:41 [AWT-EventQueue-0] [error] AWT-EventQueue-0:  at java.base/java.security.ProtectionDomain$JavaSecurityAccessImpl.doIntersectionPrivilege(ProtectionDomain.java:86)
14:29:41 [AWT-EventQueue-0] [error] AWT-EventQueue-0:  at java.desktop/javax.swing.RepaintManager.paintDirtyRegions(RepaintManager.java:862)
14:29:41 [AWT-EventQueue-0] [error] AWT-EventQueue-0:  at java.desktop/javax.swing.RepaintManager.paintDirtyRegions(RepaintManager.java:835)
14:29:41 [AWT-EventQueue-0] [error] AWT-EventQueue-0:  at java.desktop/javax.swing.RepaintManager.prePaintDirtyRegions(RepaintManager.java:784)
14:29:41 [AWT-EventQueue-0] [error] AWT-EventQueue-0:  at java.desktop/javax.swing.RepaintManager$ProcessingRunnable.run(RepaintManager.java:1898)
14:29:41 [AWT-EventQueue-0] [error] AWT-EventQueue-0:  at java.desktop/java.awt.event.InvocationEvent.dispatch(InvocationEvent.java:318)
14:29:41 [AWT-EventQueue-0] [error] AWT-EventQueue-0:  at java.desktop/java.awt.EventQueue.dispatchEventImpl(EventQueue.java:771)
14:29:41 [AWT-EventQueue-0] [error] AWT-EventQueue-0:  at java.desktop/java.awt.EventQueue$4.run(EventQueue.java:722)
14:29:41 [AWT-EventQueue-0] [error] AWT-EventQueue-0:  at java.desktop/java.awt.EventQueue$4.run(EventQueue.java:716)
14:29:41 [AWT-EventQueue-0] [error] AWT-EventQueue-0:  at java.base/java.security.AccessController.doPrivileged(AccessController.java:399)
14:29:41 [AWT-EventQueue-0] [error] AWT-EventQueue-0:  at java.base/java.security.ProtectionDomain$JavaSecurityAccessImpl.doIntersectionPrivilege(ProtectionDomain.java:86)
14:29:41 [AWT-EventQueue-0] [error] AWT-EventQueue-0:  at java.desktop/java.awt.EventQueue.dispatchEvent(EventQueue.java:741)
14:29:41 [AWT-EventQueue-0] [error] AWT-EventQueue-0:  at java.desktop/java.awt.EventDispatchThread.pumpOneEventForFilters(EventDispatchThread.java:203)
14:29:41 [AWT-EventQueue-0] [error] AWT-EventQueue-0:  at java.desktop/java.awt.EventDispatchThread.pumpEventsForFilter(EventDispatchThread.java:124)
14:29:41 [AWT-EventQueue-0] [error] AWT-EventQueue-0:  at java.desktop/java.awt.EventDispatchThread.pumpEventsForHierarchy(EventDispatchThread.java:113)
14:29:41 [AWT-EventQueue-0] [error] AWT-EventQueue-0:  at java.desktop/java.awt.EventDispatchThread.pumpEvents(EventDispatchThread.java:109)
14:29:41 [AWT-EventQueue-0] [error] AWT-EventQueue-0:  at java.desktop/java.awt.EventDispatchThread.pumpEvents(EventDispatchThread.java:101)
14:29:41 [AWT-EventQueue-0] [error] AWT-EventQueue-0:  at java.desktop/java.awt.EventDispatchThread.run(EventDispatchThread.java:90)
10:57:14 [AWT-EventQueue-0] [error] AWT-EventQueue-0: Exception in thread "AWT-EventQueue-0" 
10:57:14 [AWT-EventQueue-0] [error] AWT-EventQueue-0: java.lang.ArrayIndexOutOfBoundsException: Array index out of range: 115086
10:57:14 [AWT-EventQueue-0] [error] AWT-EventQueue-0:  at org.gjt.sp.jedit.buffer.JEditBuffer.getLineOfOffset(JEditBuffer.java:347)
10:57:14 [AWT-EventQueue-0] [error] AWT-EventQueue-0:  at org.gjt.sp.jedit.textarea.TextArea.getLineOfOffset(TextArea.java:1265)
10:57:14 [AWT-EventQueue-0] [error] AWT-EventQueue-0:  at org.gjt.sp.jedit.textarea.SelectionManager.addToSelection(SelectionManager.java:130)
10:57:14 [AWT-EventQueue-0] [error] AWT-EventQueue-0:  at org.gjt.sp.jedit.textarea.SelectionManager.resizeSelection(SelectionManager.java:233)
10:57:14 [AWT-EventQueue-0] [error] AWT-EventQueue-0:  at org.gjt.sp.jedit.textarea.TextArea.resizeSelection(TextArea.java:1887)
10:57:14 [AWT-EventQueue-0] [error] AWT-EventQueue-0:  at org.gjt.sp.jedit.textarea.TextAreaMouseHandler.doSingleDrag(TextAreaMouseHandler.java:384)
10:57:14 [AWT-EventQueue-0] [error] AWT-EventQueue-0:  at org.gjt.sp.jedit.textarea.TextAreaMouseHandler.mouseDragged(TextAreaMouseHandler.java:332)
10:57:14 [AWT-EventQueue-0] [error] AWT-EventQueue-0:  at java.desktop/java.awt.AWTEventMulticaster.mouseDragged(AWTEventMulticaster.java:327)
10:57:14 [AWT-EventQueue-0] [error] AWT-EventQueue-0:  at java.desktop/java.awt.AWTEventMulticaster.mouseDragged(AWTEventMulticaster.java:327)
10:57:14 [AWT-EventQueue-0] [error] AWT-EventQueue-0:  at java.desktop/java.awt.Component.processMouseMotionEvent(Component.java:6674)
10:57:14 [AWT-EventQueue-0] [error] AWT-EventQueue-0:  at java.desktop/javax.swing.JComponent.superProcessMouseMotionEvent(JComponent.java:3413)
10:57:14 [AWT-EventQueue-0] [error] AWT-EventQueue-0:  at java.desktop/javax.swing.Autoscroller.actionPerformed(Autoscroller.java:187)
10:57:14 [AWT-EventQueue-0] [error] AWT-EventQueue-0:  at java.desktop/javax.swing.Timer.fireActionPerformed(Timer.java:311)
10:57:14 [AWT-EventQueue-0] [error] AWT-EventQueue-0:  at java.desktop/javax.swing.Timer$DoPostEvent.run(Timer.java:243)
10:57:14 [AWT-EventQueue-0] [error] AWT-EventQueue-0:  at java.desktop/java.awt.event.InvocationEvent.dispatch(InvocationEvent.java:318)
10:57:14 [AWT-EventQueue-0] [error] AWT-EventQueue-0:  at java.desktop/java.awt.EventQueue.dispatchEventImpl(EventQueue.java:771)
10:57:14 [AWT-EventQueue-0] [error] AWT-EventQueue-0:  at java.desktop/java.awt.EventQueue$4.run(EventQueue.java:722)
10:57:14 [AWT-EventQueue-0] [error] AWT-EventQueue-0:  at java.desktop/java.awt.EventQueue$4.run(EventQueue.java:716)
10:57:14 [AWT-EventQueue-0] [error] AWT-EventQueue-0:  at java.base/java.security.AccessController.doPrivileged(AccessController.java:399)
10:57:14 [AWT-EventQueue-0] [error] AWT-EventQueue-0:  at java.base/java.security.ProtectionDomain$JavaSecurityAccessImpl.doIntersectionPrivilege(ProtectionDomain.java:86)
10:57:14 [AWT-EventQueue-0] [error] AWT-EventQueue-0:  at java.desktop/java.awt.EventQueue.dispatchEvent(EventQueue.java:741)
10:57:14 [AWT-EventQueue-0] [error] AWT-EventQueue-0:  at java.desktop/java.awt.EventDispatchThread.pumpOneEventForFilters(EventDispatchThread.java:203)
10:57:14 [AWT-EventQueue-0] [error] AWT-EventQueue-0:  at java.desktop/java.awt.EventDispatchThread.pumpEventsForFilter(EventDispatchThread.java:124)
10:57:14 [AWT-EventQueue-0] [error] AWT-EventQueue-0:  at java.desktop/java.awt.EventDispatchThread.pumpEventsForHierarchy(EventDispatchThread.java:113)
10:57:14 [AWT-EventQueue-0] [error] AWT-EventQueue-0:  at java.desktop/java.awt.EventDispatchThread.pumpEvents(EventDispatchThread.java:109)
10:57:14 [AWT-EventQueue-0] [error] AWT-EventQueue-0:  at java.desktop/java.awt.EventDispatchThread.pumpEvents(EventDispatchThread.java:101)
10:57:14 [AWT-EventQueue-0] [error] AWT-EventQueue-0:  at java.desktop/java.awt.EventDispatchThread.run(EventDispatchThread.java:90)
13:14:02 [AWT-EventQueue-0] [error] AWT-EventQueue-0: Exception in thread "AWT-EventQueue-0" 
13:14:02 [AWT-EventQueue-0] [error] AWT-EventQueue-0: java.lang.NullPointerException: Cannot invoke "sun.java2d.loops.MaskFill.MaskFill(sun.java2d.SunGraphics2D, sun.java2d.SurfaceData, java.awt.Composite, int, int, int, int, byte[], int, int)" because "sg.alphafill" is null
13:14:02 [AWT-EventQueue-0] [error] AWT-EventQueue-0:  at java.desktop/sun.java2d.pipe.AlphaColorPipe.renderPathTile(AlphaColorPipe.java:55)
13:14:02 [AWT-EventQueue-0] [error] AWT-EventQueue-0:  at java.desktop/sun.java2d.pipe.AAShapePipe.renderTiles(AAShapePipe.java:201)
13:14:02 [AWT-EventQueue-0] [error] AWT-EventQueue-0:  at java.desktop/sun.java2d.pipe.AAShapePipe.renderPath(AAShapePipe.java:149)
13:14:02 [AWT-EventQueue-0] [error] AWT-EventQueue-0:  at java.desktop/sun.java2d.pipe.AAShapePipe.fill(AAShapePipe.java:82)
13:14:02 [AWT-EventQueue-0] [error] AWT-EventQueue-0:  at java.desktop/sun.java2d.pipe.PixelToParallelogramConverter.fill(PixelToParallelogramConverter.java:164)
13:14:02 [AWT-EventQueue-0] [error] AWT-EventQueue-0:  at java.desktop/sun.java2d.pipe.ValidatePipe.fill(ValidatePipe.java:160)
13:14:02 [AWT-EventQueue-0] [error] AWT-EventQueue-0:  at java.desktop/sun.java2d.SunGraphics2D.fill(SunGraphics2D.java:2531)
13:14:02 [AWT-EventQueue-0] [error] AWT-EventQueue-0:  at java.desktop/javax.swing.plaf.nimbus.ComboBoxArrowButtonPainter.paintForegroundEnabled(ComboBoxArrowButtonPainter.java:220)
13:14:02 [AWT-EventQueue-0] [error] AWT-EventQueue-0:  at java.desktop/javax.swing.plaf.nimbus.ComboBoxArrowButtonPainter.doPaint(ComboBoxArrowButtonPainter.java:121)
13:14:02 [AWT-EventQueue-0] [error] AWT-EventQueue-0:  at java.desktop/javax.swing.plaf.nimbus.AbstractRegionPainter.paint0(AbstractRegionPainter.java:746)
13:14:02 [AWT-EventQueue-0] [error] AWT-EventQueue-0:  at java.desktop/javax.swing.plaf.nimbus.AbstractRegionPainter.getImage(AbstractRegionPainter.java:726)
13:14:02 [AWT-EventQueue-0] [error] AWT-EventQueue-0:  at java.desktop/javax.swing.plaf.nimbus.AbstractRegionPainter.paintWith9SquareCaching(AbstractRegionPainter.java:645)
13:14:02 [AWT-EventQueue-0] [error] AWT-EventQueue-0:  at java.desktop/javax.swing.plaf.nimbus.AbstractRegionPainter.paint(AbstractRegionPainter.java:160)
13:14:02 [AWT-EventQueue-0] [error] AWT-EventQueue-0:  at java.desktop/javax.swing.plaf.nimbus.AbstractRegionPainter.paint(AbstractRegionPainter.java:43)
13:14:02 [AWT-EventQueue-0] [error] AWT-EventQueue-0:  at java.desktop/javax.swing.plaf.nimbus.SynthPainterImpl.paint(SynthPainterImpl.java:61)
13:14:02 [AWT-EventQueue-0] [error] AWT-EventQueue-0:  at java.desktop/javax.swing.plaf.nimbus.SynthPainterImpl.paintForeground(SynthPainterImpl.java:111)
13:14:02 [AWT-EventQueue-0] [error] AWT-EventQueue-0:  at java.desktop/javax.swing.plaf.nimbus.SynthPainterImpl.paintArrowButtonForeground(SynthPainterImpl.java:297)
13:14:02 [AWT-EventQueue-0] [error] AWT-EventQueue-0:  at java.desktop/javax.swing.plaf.synth.SynthArrowButton$SynthArrowButtonUI.paint(SynthArrowButton.java:76)
13:14:02 [AWT-EventQueue-0] [error] AWT-EventQueue-0:  at java.desktop/javax.swing.plaf.synth.SynthButtonUI.update(SynthButtonUI.java:267)
13:14:02 [AWT-EventQueue-0] [error] AWT-EventQueue-0:  at java.desktop/javax.swing.JComponent.paintComponent(JComponent.java:842)
13:14:02 [AWT-EventQueue-0] [error] AWT-EventQueue-0:  at java.desktop/javax.swing.JComponent.paint(JComponent.java:1119)
13:14:02 [AWT-EventQueue-0] [error] AWT-EventQueue-0:  at java.desktop/javax.swing.JComponent.paintChildren(JComponent.java:952)
13:14:02 [AWT-EventQueue-0] [error] AWT-EventQueue-0:  at scala.swing.ComboBox$$anon$4.scala$swing$Component$SuperMixin$$super$paintChildren(ComboBox.scala:168)
13:14:02 [AWT-EventQueue-0] [error] AWT-EventQueue-0:  at scala.swing.Component$SuperMixin.__super__paintChildren(Component.scala:72)
13:14:02 [AWT-EventQueue-0] [error] AWT-EventQueue-0:  at scala.swing.Component$SuperMixin.__super__paintChildren$(Component.scala:71)
13:14:02 [AWT-EventQueue-0] [error] AWT-EventQueue-0:  at scala.swing.ComboBox$$anon$4.__super__paintChildren(ComboBox.scala:168)
13:14:02 [AWT-EventQueue-0] [error] AWT-EventQueue-0:  at scala.swing.Component.paintChildren(Component.scala:261)
13:14:02 [AWT-EventQueue-0] [error] AWT-EventQueue-0:  at scala.swing.Component$SuperMixin.paintChildren(Component.scala:69)
13:14:02 [AWT-EventQueue-0] [error] AWT-EventQueue-0:  at scala.swing.Component$SuperMixin.paintChildren$(Component.scala:68)
13:14:02 [AWT-EventQueue-0] [error] AWT-EventQueue-0:  at scala.swing.ComboBox$$anon$4.paintChildren(ComboBox.scala:168)
13:14:02 [AWT-EventQueue-0] [error] AWT-EventQueue-0:  at java.desktop/javax.swing.JComponent.paint(JComponent.java:1128)
13:14:02 [AWT-EventQueue-0] [error] AWT-EventQueue-0:  at scala.swing.ComboBox$$anon$4.scala$swing$Component$SuperMixin$$super$paint(ComboBox.scala:168)
13:14:02 [AWT-EventQueue-0] [error] AWT-EventQueue-0:  at scala.swing.Component$SuperMixin.__super__paint(Component.scala:78)
13:14:02 [AWT-EventQueue-0] [error] AWT-EventQueue-0:  at scala.swing.Component$SuperMixin.__super__paint$(Component.scala:77)
13:14:02 [AWT-EventQueue-0] [error] AWT-EventQueue-0:  at scala.swing.ComboBox$$anon$4.__super__paint(ComboBox.scala:168)
13:14:02 [AWT-EventQueue-0] [error] AWT-EventQueue-0:  at scala.swing.Component.paint(Component.scala:267)
13:14:02 [AWT-EventQueue-0] [error] AWT-EventQueue-0:  at scala.swing.Component$SuperMixin.paint(Component.scala:75)
13:14:02 [AWT-EventQueue-0] [error] AWT-EventQueue-0:  at scala.swing.Component$SuperMixin.paint$(Component.scala:74)
13:14:02 [AWT-EventQueue-0] [error] AWT-EventQueue-0:  at scala.swing.ComboBox$$anon$4.paint(ComboBox.scala:168)
13:14:02 [AWT-EventQueue-0] [error] AWT-EventQueue-0:  at java.desktop/javax.swing.JComponent.paintChildren(JComponent.java:952)
13:14:02 [AWT-EventQueue-0] [error] AWT-EventQueue-0:  at isabelle.Wrap_Panel$$anon$1.scala$swing$Component$SuperMixin$$super$paintChildren(wrap_panel.scala:114)
13:14:02 [AWT-EventQueue-0] [error] AWT-EventQueue-0:  at scala.swing.Component$SuperMixin.__super__paintChildren(Component.scala:72)
13:14:02 [AWT-EventQueue-0] [error] AWT-EventQueue-0:  at scala.swing.Component$SuperMixin.__super__paintChildren$(Component.scala:71)
13:14:02 [AWT-EventQueue-0] [error] AWT-EventQueue-0:  at isabelle.Wrap_Panel$$anon$1.__super__paintChildren(wrap_panel.scala:114)
13:14:02 [AWT-EventQueue-0] [error] AWT-EventQueue-0:  at scala.swing.Component.paintChildren(Component.scala:261)
13:14:02 [AWT-EventQueue-0] [error] AWT-EventQueue-0:  at scala.swing.Component$SuperMixin.paintChildren(Component.scala:69)
13:14:02 [AWT-EventQueue-0] [error] AWT-EventQueue-0:  at scala.swing.Component$SuperMixin.paintChildren$(Component.scala:68)
13:14:02 [AWT-EventQueue-0] [error] AWT-EventQueue-0:  at isabelle.Wrap_Panel$$anon$1.paintChildren(wrap_panel.scala:114)
13:14:02 [AWT-EventQueue-0] [error] AWT-EventQueue-0:  at java.desktop/javax.swing.JComponent.paint(JComponent.java:1128)
13:14:02 [AWT-EventQueue-0] [error] AWT-EventQueue-0:  at isabelle.Wrap_Panel$$anon$1.scala$swing$Component$SuperMixin$$super$paint(wrap_panel.scala:114)
13:14:02 [AWT-EventQueue-0] [error] AWT-EventQueue-0:  at scala.swing.Component$SuperMixin.__super__paint(Component.scala:78)
13:14:02 [AWT-EventQueue-0] [error] AWT-EventQueue-0:  at scala.swing.Component$SuperMixin.__super__paint$(Component.scala:77)
13:14:02 [AWT-EventQueue-0] [error] AWT-EventQueue-0:  at isabelle.Wrap_Panel$$anon$1.__super__paint(wrap_panel.scala:114)
13:14:02 [AWT-EventQueue-0] [error] AWT-EventQueue-0:  at scala.swing.Component.paint(Component.scala:267)
13:14:02 [AWT-EventQueue-0] [error] AWT-EventQueue-0:  at scala.swing.Component$SuperMixin.paint(Component.scala:75)
13:14:02 [AWT-EventQueue-0] [error] AWT-EventQueue-0:  at scala.swing.Component$SuperMixin.paint$(Component.scala:74)
13:14:02 [AWT-EventQueue-0] [error] AWT-EventQueue-0:  at isabelle.Wrap_Panel$$anon$1.paint(wrap_panel.scala:114)
13:14:02 [AWT-EventQueue-0] [error] AWT-EventQueue-0:  at java.desktop/javax.swing.JComponent.paintChildren(JComponent.java:952)
13:14:02 [AWT-EventQueue-0] [error] AWT-EventQueue-0:  at java.desktop/javax.swing.JComponent.paint(JComponent.java:1128)
13:14:02 [AWT-EventQueue-0] [error] AWT-EventQueue-0:  at java.desktop/javax.swing.JComponent.paintChildren(JComponent.java:952)
13:14:02 [AWT-EventQueue-0] [error] AWT-EventQueue-0:  at java.desktop/javax.swing.JComponent.paint(JComponent.java:1128)
13:14:02 [AWT-EventQueue-0] [error] AWT-EventQueue-0:  at java.desktop/javax.swing.JComponent.paintChildren(JComponent.java:952)
13:14:02 [AWT-EventQueue-0] [error] AWT-EventQueue-0:  at org.gjt.sp.jedit.gui.DockableWindowManagerImpl.paintChildren(DockableWindowManagerImpl.java:638)
13:14:02 [AWT-EventQueue-0] [error] AWT-EventQueue-0:  at java.desktop/javax.swing.JComponent.paint(JComponent.java:1128)
13:14:02 [AWT-EventQueue-0] [error] AWT-EventQueue-0:  at java.desktop/javax.swing.JComponent.paintChildren(JComponent.java:952)
13:14:02 [AWT-EventQueue-0] [error] AWT-EventQueue-0:  at java.desktop/javax.swing.JComponent.paint(JComponent.java:1128)
13:14:02 [AWT-EventQueue-0] [error] AWT-EventQueue-0:  at java.desktop/javax.swing.JComponent.paintChildren(JComponent.java:952)
13:14:02 [AWT-EventQueue-0] [error] AWT-EventQueue-0:  at java.desktop/javax.swing.JComponent.paint(JComponent.java:1128)
13:14:02 [AWT-EventQueue-0] [error] AWT-EventQueue-0:  at java.desktop/javax.swing.JLayeredPane.paint(JLayeredPane.java:586)
13:14:02 [AWT-EventQueue-0] [error] AWT-EventQueue-0:  at java.desktop/javax.swing.JComponent.paintChildren(JComponent.java:952)
13:14:02 [AWT-EventQueue-0] [error] AWT-EventQueue-0:  at java.desktop/javax.swing.JComponent.paintToOffscreen(JComponent.java:5318)
13:14:02 [AWT-EventQueue-0] [error] AWT-EventQueue-0:  at java.desktop/javax.swing.BufferStrategyPaintManager.paint(BufferStrategyPaintManager.java:246)
13:14:02 [AWT-EventQueue-0] [error] AWT-EventQueue-0:  at java.desktop/javax.swing.RepaintManager.paint(RepaintManager.java:1337)
13:14:02 [AWT-EventQueue-0] [error] AWT-EventQueue-0:  at java.desktop/javax.swing.JComponent.paint(JComponent.java:1105)
13:14:02 [AWT-EventQueue-0] [error] AWT-EventQueue-0:  at java.desktop/java.awt.GraphicsCallback$PaintCallback.run(GraphicsCallback.java:39)
13:14:02 [AWT-EventQueue-0] [error] AWT-EventQueue-0:  at java.desktop/sun.awt.SunGraphicsCallback.runOneComponent(SunGraphicsCallback.java:75)
13:14:02 [AWT-EventQueue-0] [error] AWT-EventQueue-0:  at java.desktop/sun.awt.SunGraphicsCallback.runComponents(SunGraphicsCallback.java:112)
13:14:02 [AWT-EventQueue-0] [error] AWT-EventQueue-0:  at java.desktop/java.awt.Container.paint(Container.java:2005)
13:14:02 [AWT-EventQueue-0] [error] AWT-EventQueue-0:  at java.desktop/java.awt.Window.paint(Window.java:3959)
13:14:02 [AWT-EventQueue-0] [error] AWT-EventQueue-0:  at java.desktop/javax.swing.RepaintManager$4.run(RepaintManager.java:890)
13:14:02 [AWT-EventQueue-0] [error] AWT-EventQueue-0:  at java.desktop/javax.swing.RepaintManager$4.run(RepaintManager.java:862)
13:14:02 [AWT-EventQueue-0] [error] AWT-EventQueue-0:  at java.base/java.security.AccessController.doPrivileged(AccessController.java:399)
13:14:02 [AWT-EventQueue-0] [error] AWT-EventQueue-0:  at java.base/java.security.ProtectionDomain$JavaSecurityAccessImpl.doIntersectionPrivilege(ProtectionDomain.java:86)
13:14:02 [AWT-EventQueue-0] [error] AWT-EventQueue-0:  at java.desktop/javax.swing.RepaintManager.paintDirtyRegions(RepaintManager.java:862)
13:14:02 [AWT-EventQueue-0] [error] AWT-EventQueue-0:  at java.desktop/javax.swing.RepaintManager.paintDirtyRegions(RepaintManager.java:835)
13:14:02 [AWT-EventQueue-0] [error] AWT-EventQueue-0:  at java.desktop/javax.swing.RepaintManager.prePaintDirtyRegions(RepaintManager.java:784)
13:14:02 [AWT-EventQueue-0] [error] AWT-EventQueue-0:  at java.desktop/javax.swing.RepaintManager$ProcessingRunnable.run(RepaintManager.java:1898)
13:14:02 [AWT-EventQueue-0] [error] AWT-EventQueue-0:  at java.desktop/java.awt.event.InvocationEvent.dispatch(InvocationEvent.java:318)
13:14:02 [AWT-EventQueue-0] [error] AWT-EventQueue-0:  at java.desktop/java.awt.EventQueue.dispatchEventImpl(EventQueue.java:771)
13:14:02 [AWT-EventQueue-0] [error] AWT-EventQueue-0:  at java.desktop/java.awt.EventQueue$4.run(EventQueue.java:722)
13:14:02 [AWT-EventQueue-0] [error] AWT-EventQueue-0:  at java.desktop/java.awt.EventQueue$4.run(EventQueue.java:716)
13:14:02 [AWT-EventQueue-0] [error] AWT-EventQueue-0:  at java.base/java.security.AccessController.doPrivileged(AccessController.java:399)
13:14:02 [AWT-EventQueue-0] [error] AWT-EventQueue-0:  at java.base/java.security.ProtectionDomain$JavaSecurityAccessImpl.doIntersectionPrivilege(ProtectionDomain.java:86)
13:14:02 [AWT-EventQueue-0] [error] AWT-EventQueue-0:  at java.desktop/java.awt.EventQueue.dispatchEvent(EventQueue.java:741)
13:14:02 [AWT-EventQueue-0] [error] AWT-EventQueue-0:  at java.desktop/java.awt.EventDispatchThread.pumpOneEventForFilters(EventDispatchThread.java:203)
13:14:02 [AWT-EventQueue-0] [error] AWT-EventQueue-0:  at java.desktop/java.awt.EventDispatchThread.pumpEventsForFilter(EventDispatchThread.java:124)
13:14:02 [AWT-EventQueue-0] [error] AWT-EventQueue-0:  at java.desktop/java.awt.EventDispatchThread.pumpEventsForHierarchy(EventDispatchThread.java:113)
13:14:02 [AWT-EventQueue-0] [error] AWT-EventQueue-0:  at java.desktop/java.awt.EventDispatchThread.pumpEvents(EventDispatchThread.java:109)
13:14:02 [AWT-EventQueue-0] [error] AWT-EventQueue-0:  at java.desktop/java.awt.EventDispatchThread.pumpEvents(EventDispatchThread.java:101)
13:14:02 [AWT-EventQueue-0] [error] AWT-EventQueue-0:  at java.desktop/java.awt.EventDispatchThread.run(EventDispatchThread.java:90)
